<?xml version="1.0" encoding="UTF-8"?>
<root>
    <ContractCustomerDTO id="1">
        <externalId>1</externalId>
        <companyName>Test Company</companyName>
        <contactName>John Doe</contactName>
        <contactTitle>Manager</contactTitle>
        <streetAddress>123 Main St</streetAddress>
        <city>Anytown</city>
        <postalCode>12345</postalCode>
        <country>Test Country</country>
        <phone>123-456-7890</phone>
        <fax>098-765-4321</fax>
    </ContractCustomerDTO>
</root>
